<?xml version="1.0" encoding="UTF-8"?>
<!-- Generated by org.testng.reporters.JUnitReportReporter -->
<testsuite name="com.seleniummaven.search.Search" tests="2" time="17.843" ignored="0" failures="0" timestamp="25 Dec 2017 03:17:51 GMT" skipped="0" hostname="LAPTOP-ST268433" errors="0">
  <testcase name="OpenProdPageBySearch" time="10.913" classname="com.seleniummaven.search.Search"/>
  <testcase name="validateSearch" time="6.930" classname="com.seleniummaven.search.Search"/>
</testsuite> <!-- com.seleniummaven.search.Search -->
