<?xml version="1.0" encoding="UTF-8"?>
<!-- Generated by org.testng.reporters.JUnitReportReporter -->
<testsuite name="com.seleniummaven.search.Search" tests="2" time="23.020" ignored="0" failures="0" timestamp="27 Dec 2017 14:26:10 GMT" skipped="0" hostname="LAPTOP-ST268433" errors="0">
  <testcase name="OpenProdPageBySearch" time="16.455" classname="com.seleniummaven.search.Search"/>
  <testcase name="validateSearch" time="6.565" classname="com.seleniummaven.search.Search"/>
</testsuite> <!-- com.seleniummaven.search.Search -->
